Using pre-set license
Built from '2020.3/staging' branch; Version is '2020.3.0f1 (c7b5465681fb) revision 13088070'; Using compiler version '192528614'; Build Type 'Release'
OS: 'Windows 10 Home; OS build 19043.1526; Version 2009; 64bit' Language: 'ja' Physical Memory: 16299 MB
BatchMode: 1, IsHumanControllingUs: 0, StartBugReporterOnCrash: 0, Is64bit: 1, IsPro: 0

 COMMAND LINE ARGUMENTS:
F:\Program Files (x86)\2020.3.1f1\Editor\Unity.exe
-adb2
-batchMode
-noUpm
-name
AssetImportWorker0
-projectPath
F:/共同制作/MaxiKnight/UnityProject
-logFile
Logs/AssetImportWorker0.log
-srvPort
10252
Successfully changed project path to: F:/共同制作/MaxiKnight/UnityProject
F:/共同制作/MaxiKnight/UnityProject
Using Asset Import Pipeline V2.
Refreshing native plugins compatible for Editor in 51.16 ms, found 0 plugins.
Preloading 0 native plugins for Editor in 0.00 ms.
Initialize engine version: 2020.3.0f1 (c7b5465681fb)
[Subsystems] Discovering subsystems at path F:/Program Files (x86)/2020.3.1f1/Editor/Data/Resources/UnitySubsystems
[Subsystems] Discovering subsystems at path F:/共同制作/MaxiKnight/UnityProject/Assets
GfxDevice: creating device client; threaded=0
Direct3D:
    Version:  Direct3D 11.0 [level 11.1]
    Renderer: NVIDIA GeForce GTX 1050 Ti (ID=0x1c82)
    Vendor:   
    VRAM:     4018 MB
    Driver:   27.21.14.5671
Initialize mono
Mono path[0] = 'F:/Program Files (x86)/2020.3.1f1/Editor/Data/Managed'
Mono path[1] = 'F:/Program Files (x86)/2020.3.1f1/Editor/Data/MonoBleedingEdge/lib/mono/unityjit'
Mono config path = 'F:/Program Files (x86)/2020.3.1f1/Editor/Data/MonoBleedingEdge/etc'
Using monoOptions --debugger-agent=transport=dt_socket,embedding=1,server=y,suspend=n,address=127.0.0.1:56756
Begin MonoManager ReloadAssembly
Registering precompiled unity dll's ...
Register platform support module: F:/Program Files (x86)/2020.3.1f1/Editor/Data/PlaybackEngines/WindowsStandaloneSupport/UnityEditor.WindowsStandalone.Extensions.dll
Registered in 0.002543 seconds.
Native extension for WindowsStandalone target not found
Refreshing native plugins compatible for Editor in 50.44 ms, found 0 plugins.
Preloading 0 native plugins for Editor in 0.00 ms.
Invoked RoslynAnalysisRunner static constructor.
RoslynAnalysisRunner will not be running.
RoslynAnalysisRunner has terminated.
Mono: successfully reloaded assembly
- Completed reload, in  2.281 seconds
Platform modules already initialized, skipping
Registering precompiled user dll's ...
Registered in 0.001370 seconds.
Begin MonoManager ReloadAssembly
Native extension for WindowsStandalone target not found
Refreshing native plugins compatible for Editor in 0.40 ms, found 0 plugins.
Preloading 0 native plugins for Editor in 0.00 ms.
Invoked RoslynAnalysisRunner static constructor.
RoslynAnalysisRunner will not be running.
RoslynAnalysisRunner has terminated.
Mono: successfully reloaded assembly
- Completed reload, in  1.022 seconds
Platform modules already initialized, skipping
========================================================================
Worker process is ready to serve import requests
Launched and connected shader compiler UnityShaderCompiler.exe after 0.12 seconds
Refreshing native plugins compatible for Editor in 0.38 ms, found 0 plugins.
Preloading 0 native plugins for Editor in 0.00 ms.
Unloading 1323 Unused Serialized files (Serialized files now loaded: 0)
System memory in use before: 70.6 MB.
System memory in use after: 70.5 MB.

Unloading 13 unused Assets to reduce memory usage. Loaded Objects now: 1772.
Total: 2.556600 ms (FindLiveObjects: 0.208800 ms CreateObjectMapping: 0.169500 ms MarkObjects: 2.005800 ms  DeleteObjects: 0.171200 ms)

========================================================================
Received Import Request.
  path: Assets/Credit/FMnJIjpaQAI7tTU (1).png
  artifactKey: Guid(b9aaca65889e78040be218decbef9901) Importer(815301076,1909f56bfc062723c751e8b465ee728b)
Start importing Assets/Credit/FMnJIjpaQAI7tTU (1).png using Guid(b9aaca65889e78040be218decbef9901) Importer(815301076,1909f56bfc062723c751e8b465ee728b)  -> (artifact id: 'b65ec978629e88662ffff44dc0deab40') in 0.120981 seconds
  Import took 0.123672 seconds .

========================================================================
Received Import Request.
  Time since last request: 2.650491 seconds.
  path: Assets/Credit/FMqASAEUcAAz_1k.png
  artifactKey: Guid(e9d5b3d43d6d6a34b9ce4685e56308c7) Importer(815301076,1909f56bfc062723c751e8b465ee728b)
Start importing Assets/Credit/FMqASAEUcAAz_1k.png using Guid(e9d5b3d43d6d6a34b9ce4685e56308c7) Importer(815301076,1909f56bfc062723c751e8b465ee728b)  -> (artifact id: '3d76c0562fe78e70a9f1a9144ea7c17e') in 0.011537 seconds
  Import took 0.014480 seconds .

========================================================================
Received Import Request.
  Time since last request: 4.339094 seconds.
  path: Assets/Credit/FMnJIjpaQAI7tTU (1).png
  artifactKey: Guid(b9aaca65889e78040be218decbef9901) Importer(815301076,1909f56bfc062723c751e8b465ee728b)
Start importing Assets/Credit/FMnJIjpaQAI7tTU (1).png using Guid(b9aaca65889e78040be218decbef9901) Importer(815301076,1909f56bfc062723c751e8b465ee728b)  -> (artifact id: '5c9b9f4ccef250d24399b4b01f663d5f') in 0.050911 seconds
  Import took 0.053643 seconds .

========================================================================
Received Import Request.
  Time since last request: 0.000321 seconds.
  path: Assets/Credit/FMqASAEUcAAz_1k.png
  artifactKey: Guid(e9d5b3d43d6d6a34b9ce4685e56308c7) Importer(815301076,1909f56bfc062723c751e8b465ee728b)
Start importing Assets/Credit/FMqASAEUcAAz_1k.png using Guid(e9d5b3d43d6d6a34b9ce4685e56308c7) Importer(815301076,1909f56bfc062723c751e8b465ee728b)  -> (artifact id: '86eba6fa455cd3f544aa9fb11a4b85f2') in 0.013641 seconds
  Import took 0.016206 seconds .

========================================================================
Received Import Request.
  Time since last request: 378.495679 seconds.
  path: Assets/Credit/Image.controller
  artifactKey: Guid(a50623344bf74b64d8575e1fedd9e160) Importer(815301076,1909f56bfc062723c751e8b465ee728b)
Start importing Assets/Credit/Image.controller using Guid(a50623344bf74b64d8575e1fedd9e160) Importer(815301076,1909f56bfc062723c751e8b465ee728b)  -> (artifact id: '44a8bf782ac19a8a0abba404ba9788b5') in 0.017273 seconds
  Import took 0.020545 seconds .

========================================================================
Received Prepare
Registering precompiled user dll's ...
Registered in 0.001444 seconds.
Begin MonoManager ReloadAssembly
Native extension for WindowsStandalone target not found
Refreshing native plugins compatible for Editor in 0.37 ms, found 0 plugins.
Preloading 0 native plugins for Editor in 0.00 ms.
Invoked RoslynAnalysisRunner static constructor.
RoslynAnalysisRunner will not be running.
RoslynAnalysisRunner has terminated.
Mono: successfully reloaded assembly
- Completed reload, in  0.919 seconds
Platform modules already initialized, skipping
Refreshing native plugins compatible for Editor in 0.40 ms, found 0 plugins.
Preloading 0 native plugins for Editor in 0.00 ms.
Unloading 1280 Unused Serialized files (Serialized files now loaded: 0)
System memory in use before: 70.6 MB.
System memory in use after: 70.6 MB.

Unloading 8 unused Assets to reduce memory usage. Loaded Objects now: 1785.
Total: 1.795100 ms (FindLiveObjects: 0.152300 ms CreateObjectMapping: 0.046200 ms MarkObjects: 1.480000 ms  DeleteObjects: 0.115600 ms)

========================================================================
Received Import Request.
  Time since last request: 103.063870 seconds.
  path: Assets/Font/07鉄瓶ゴシック.otf
  artifactKey: Guid(1490052b100fe8843b3fcb722a24c000) Importer(815301076,1909f56bfc062723c751e8b465ee728b)
Start importing Assets/Font/07鉄瓶ゴシック.otf using Guid(1490052b100fe8843b3fcb722a24c000) Importer(815301076,1909f56bfc062723c751e8b465ee728b)  -> (artifact id: 'ecc8ae699a2558c9aaa385c40631e618') in 0.120511 seconds
  Import took 0.123373 seconds .

========================================================================
Received Prepare
Registering precompiled user dll's ...
Registered in 0.001228 seconds.
Begin MonoManager ReloadAssembly
Native extension for WindowsStandalone target not found
Refreshing native plugins compatible for Editor in 0.39 ms, found 0 plugins.
Preloading 0 native plugins for Editor in 0.00 ms.
Invoked RoslynAnalysisRunner static constructor.
RoslynAnalysisRunner will not be running.
RoslynAnalysisRunner has terminated.
Mono: successfully reloaded assembly
- Completed reload, in  0.885 seconds
Platform modules already initialized, skipping
Refreshing native plugins compatible for Editor in 0.37 ms, found 0 plugins.
Preloading 0 native plugins for Editor in 0.00 ms.
Unloading 1280 Unused Serialized files (Serialized files now loaded: 0)
System memory in use before: 71.1 MB.
System memory in use after: 71.0 MB.

Unloading 8 unused Assets to reduce memory usage. Loaded Objects now: 1830.
Total: 1.860100 ms (FindLiveObjects: 0.173700 ms CreateObjectMapping: 0.054100 ms MarkObjects: 1.519800 ms  DeleteObjects: 0.110900 ms)

========================================================================
Received Prepare
Registering precompiled user dll's ...
Registered in 0.031378 seconds.
Begin MonoManager ReloadAssembly
Native extension for WindowsStandalone target not found
Refreshing native plugins compatible for Editor in 0.37 ms, found 0 plugins.
Preloading 0 native plugins for Editor in 0.00 ms.
Invoked RoslynAnalysisRunner static constructor.
RoslynAnalysisRunner will not be running.
RoslynAnalysisRunner has terminated.
Mono: successfully reloaded assembly
- Completed reload, in  0.890 seconds
Platform modules already initialized, skipping
Refreshing native plugins compatible for Editor in 0.38 ms, found 0 plugins.
Preloading 0 native plugins for Editor in 0.00 ms.
Unloading 1280 Unused Serialized files (Serialized files now loaded: 0)
System memory in use before: 71.1 MB.
System memory in use after: 71.0 MB.

Unloading 8 unused Assets to reduce memory usage. Loaded Objects now: 1833.
Total: 2.442100 ms (FindLiveObjects: 0.299100 ms CreateObjectMapping: 0.052500 ms MarkObjects: 1.967600 ms  DeleteObjects: 0.121500 ms)

========================================================================
Received Import Request.
  Time since last request: 1659.756742 seconds.
  path: Assets/Credit/Sky.anim
  artifactKey: Guid(67527d379eebda6438a4a4bfd95d1acd) Importer(815301076,1909f56bfc062723c751e8b465ee728b)
Start importing Assets/Credit/Sky.anim using Guid(67527d379eebda6438a4a4bfd95d1acd) Importer(815301076,1909f56bfc062723c751e8b465ee728b)  -> (artifact id: 'a4f8829349aa7f9104bfd3be75a15188') in 0.020219 seconds
  Import took 0.023577 seconds .

========================================================================
Received Import Request.
  Time since last request: 0.003386 seconds.
  path: Assets/Credit/Sky.anim
  artifactKey: Guid(67527d379eebda6438a4a4bfd95d1acd) Importer(815301076,1909f56bfc062723c751e8b465ee728b)
Start importing Assets/Credit/Sky.anim using Guid(67527d379eebda6438a4a4bfd95d1acd) Importer(815301076,1909f56bfc062723c751e8b465ee728b)  -> (artifact id: 'a4f8829349aa7f9104bfd3be75a15188') in 0.004664 seconds
  Import took 0.007484 seconds .

========================================================================
Received Prepare
Registering precompiled user dll's ...
Registered in 0.001909 seconds.
Begin MonoManager ReloadAssembly
Native extension for WindowsStandalone target not found
Refreshing native plugins compatible for Editor in 0.38 ms, found 0 plugins.
Preloading 0 native plugins for Editor in 0.00 ms.
Invoked RoslynAnalysisRunner static constructor.
RoslynAnalysisRunner will not be running.
RoslynAnalysisRunner has terminated.
Mono: successfully reloaded assembly
- Completed reload, in  2.428 seconds
Platform modules already initialized, skipping
Refreshing native plugins compatible for Editor in 0.37 ms, found 0 plugins.
Preloading 0 native plugins for Editor in 0.00 ms.
Unloading 1280 Unused Serialized files (Serialized files now loaded: 0)
System memory in use before: 71.1 MB.
System memory in use after: 71.1 MB.

Unloading 8 unused Assets to reduce memory usage. Loaded Objects now: 1836.
Total: 1.862600 ms (FindLiveObjects: 0.162900 ms CreateObjectMapping: 0.068000 ms MarkObjects: 1.516300 ms  DeleteObjects: 0.113900 ms)

========================================================================
Received Import Request.
  Time since last request: 239.463644 seconds.
  path: Assets/Sounds
  artifactKey: Guid(3f439328e1192dc4e830eef6a1e34c11) Importer(815301076,1909f56bfc062723c751e8b465ee728b)
Start importing Assets/Sounds using Guid(3f439328e1192dc4e830eef6a1e34c11) Importer(815301076,1909f56bfc062723c751e8b465ee728b)  -> (artifact id: 'b03034326811808b062e08761696027a') in 0.007238 seconds
  Import took 0.010405 seconds .

========================================================================
Received Import Request.
  Time since last request: 0.063079 seconds.
  path: Assets/Sounds/CastleDamage.mp3
  artifactKey: Guid(504c779b2269d6d42b84b8a0541d2923) Importer(815301076,1909f56bfc062723c751e8b465ee728b)
Start importing Assets/Sounds/CastleDamage.mp3 using Guid(504c779b2269d6d42b84b8a0541d2923) Importer(815301076,1909f56bfc062723c751e8b465ee728b)  -> (artifact id: '69ddc5c36324f69759f388aefcf3ba80') in 0.155778 seconds
  Import took 0.159247 seconds .

========================================================================
Received Import Request.
  Time since last request: 0.000304 seconds.
  path: Assets/Sounds/EnemyExplosion.mp3
  artifactKey: Guid(ea3fbd51207c5264caa2245206a23afc) Importer(815301076,1909f56bfc062723c751e8b465ee728b)
Start importing Assets/Sounds/EnemyExplosion.mp3 using Guid(ea3fbd51207c5264caa2245206a23afc) Importer(815301076,1909f56bfc062723c751e8b465ee728b)  -> (artifact id: '52f2e1a63dceb5332c0c71df978a41db') in 0.011319 seconds
  Import took 0.014412 seconds .

========================================================================
Received Import Request.
  Time since last request: 0.000337 seconds.
  path: Assets/Sounds/n11.mp3
  artifactKey: Guid(43f548787a2c2054b9e013e5fa2d1e15) Importer(815301076,1909f56bfc062723c751e8b465ee728b)
Start importing Assets/Sounds/n11.mp3 using Guid(43f548787a2c2054b9e013e5fa2d1e15) Importer(815301076,1909f56bfc062723c751e8b465ee728b)  -> (artifact id: '7a0e10052ac040329d5097cf738beb66') in 0.021553 seconds
  Import took 0.024731 seconds .

========================================================================
Received Import Request.
  Time since last request: 0.000332 seconds.
  path: Assets/Sounds/TitleBGM.ogg
  artifactKey: Guid(e7f7997bfc11baa47ab22992629670ae) Importer(815301076,1909f56bfc062723c751e8b465ee728b)
Start importing Assets/Sounds/TitleBGM.ogg using Guid(e7f7997bfc11baa47ab22992629670ae) Importer(815301076,1909f56bfc062723c751e8b465ee728b)  -> (artifact id: 'cc934aaef13b5ed6017b2519469e88fc') in 0.020555 seconds
  Import took 0.024097 seconds .

========================================================================
Received Import Request.
  Time since last request: 0.000325 seconds.
  path: Assets/Sounds/n11.mp3
  artifactKey: Guid(43f548787a2c2054b9e013e5fa2d1e15) Importer(815301076,1909f56bfc062723c751e8b465ee728b)
Start importing Assets/Sounds/n11.mp3 using Guid(43f548787a2c2054b9e013e5fa2d1e15) Importer(815301076,1909f56bfc062723c751e8b465ee728b)  -> (artifact id: '7a0e10052ac040329d5097cf738beb66') in 0.015616 seconds
  Import took 0.018427 seconds .

========================================================================
Received Import Request.
  Time since last request: 0.000307 seconds.
  path: Assets/Sounds/TitleBGM.ogg
  artifactKey: Guid(e7f7997bfc11baa47ab22992629670ae) Importer(815301076,1909f56bfc062723c751e8b465ee728b)
Start importing Assets/Sounds/TitleBGM.ogg using Guid(e7f7997bfc11baa47ab22992629670ae) Importer(815301076,1909f56bfc062723c751e8b465ee728b)  -> (artifact id: 'cc934aaef13b5ed6017b2519469e88fc') in 0.015761 seconds
  Import took 0.018907 seconds .

========================================================================
Received Import Request.
  Time since last request: 11.590527 seconds.
  path: Assets/Sounds/Seeds_for_the_future_free_ver.mp3
  artifactKey: Guid(58c54aed8efa50941925e1fdcd1a7c33) Importer(815301076,1909f56bfc062723c751e8b465ee728b)
Start importing Assets/Sounds/Seeds_for_the_future_free_ver.mp3 using Guid(58c54aed8efa50941925e1fdcd1a7c33) Importer(815301076,1909f56bfc062723c751e8b465ee728b)  -> (artifact id: '193e141f9893b17167620df673a6a2ca') in 0.016074 seconds
  Import took 0.019624 seconds .

========================================================================
Received Import Request.
  Time since last request: 22.130289 seconds.
  path: Assets/Sounds/Ending.mp3
  artifactKey: Guid(58c54aed8efa50941925e1fdcd1a7c33) Importer(815301076,1909f56bfc062723c751e8b465ee728b)
Start importing Assets/Sounds/Ending.mp3 using Guid(58c54aed8efa50941925e1fdcd1a7c33) Importer(815301076,1909f56bfc062723c751e8b465ee728b)  -> (artifact id: '8a4959186ab3dd868c02809083856708') in 0.012906 seconds
  Import took 0.016152 seconds .

========================================================================
Received Import Request.
  Time since last request: 0.001784 seconds.
  path: Assets/Sounds/Ending.mp3
  artifactKey: Guid(58c54aed8efa50941925e1fdcd1a7c33) Importer(815301076,1909f56bfc062723c751e8b465ee728b)
Start importing Assets/Sounds/Ending.mp3 using Guid(58c54aed8efa50941925e1fdcd1a7c33) Importer(815301076,1909f56bfc062723c751e8b465ee728b)  -> (artifact id: '8a4959186ab3dd868c02809083856708') in 0.014530 seconds
  Import took 0.017540 seconds .

========================================================================
Received Prepare
Registering precompiled user dll's ...
Registered in 0.001254 seconds.
Begin MonoManager ReloadAssembly
Native extension for WindowsStandalone target not found
Refreshing native plugins compatible for Editor in 0.39 ms, found 0 plugins.
Preloading 0 native plugins for Editor in 0.00 ms.
Invoked RoslynAnalysisRunner static constructor.
RoslynAnalysisRunner will not be running.
RoslynAnalysisRunner has terminated.
Mono: successfully reloaded assembly
- Completed reload, in  0.966 seconds
Platform modules already initialized, skipping
Refreshing native plugins compatible for Editor in 0.37 ms, found 0 plugins.
Preloading 0 native plugins for Editor in 0.00 ms.
Unloading 1280 Unused Serialized files (Serialized files now loaded: 0)
System memory in use before: 71.2 MB.
System memory in use after: 71.1 MB.

Unloading 8 unused Assets to reduce memory usage. Loaded Objects now: 1842.
Total: 1.695900 ms (FindLiveObjects: 0.146300 ms CreateObjectMapping: 0.045800 ms MarkObjects: 1.390200 ms  DeleteObjects: 0.112300 ms)

========================================================================
Received Prepare
Registering precompiled user dll's ...
Registered in 0.001178 seconds.
Begin MonoManager ReloadAssembly
Native extension for WindowsStandalone target not found
Refreshing native plugins compatible for Editor in 0.38 ms, found 0 plugins.
Preloading 0 native plugins for Editor in 0.00 ms.
Invoked RoslynAnalysisRunner static constructor.
RoslynAnalysisRunner will not be running.
RoslynAnalysisRunner has terminated.
Mono: successfully reloaded assembly
- Completed reload, in  0.939 seconds
Platform modules already initialized, skipping
Refreshing native plugins compatible for Editor in 0.39 ms, found 0 plugins.
Preloading 0 native plugins for Editor in 0.00 ms.
Unloading 1281 Unused Serialized files (Serialized files now loaded: 0)
System memory in use before: 71.2 MB.
System memory in use after: 71.2 MB.

Unloading 8 unused Assets to reduce memory usage. Loaded Objects now: 1846.
Total: 2.398300 ms (FindLiveObjects: 0.185700 ms CreateObjectMapping: 0.053600 ms MarkObjects: 2.016500 ms  DeleteObjects: 0.140600 ms)

========================================================================
Received Import Request.
  Time since last request: 218.449174 seconds.
  path: Assets/Sounds/Totile.cs
  artifactKey: Guid(747a8d9081e779a41bd70863d4a92be3) Importer(815301076,1909f56bfc062723c751e8b465ee728b)
Start importing Assets/Sounds/Totile.cs using Guid(747a8d9081e779a41bd70863d4a92be3) Importer(815301076,1909f56bfc062723c751e8b465ee728b)  -> (artifact id: '963d6d3e85cb92cc88f6b9aa1917f37e') in 0.021068 seconds
  Import took 0.024374 seconds .

========================================================================
Received Prepare
Registering precompiled user dll's ...
Registered in 0.001172 seconds.
Begin MonoManager ReloadAssembly
Native extension for WindowsStandalone target not found
Refreshing native plugins compatible for Editor in 0.41 ms, found 0 plugins.
Preloading 0 native plugins for Editor in 0.00 ms.
Invoked RoslynAnalysisRunner static constructor.
RoslynAnalysisRunner will not be running.
RoslynAnalysisRunner has terminated.
Mono: successfully reloaded assembly
- Completed reload, in  0.886 seconds
Platform modules already initialized, skipping
Refreshing native plugins compatible for Editor in 0.52 ms, found 0 plugins.
Preloading 0 native plugins for Editor in 0.00 ms.
Unloading 1281 Unused Serialized files (Serialized files now loaded: 0)
System memory in use before: 71.2 MB.
System memory in use after: 71.2 MB.

Unloading 8 unused Assets to reduce memory usage. Loaded Objects now: 1849.
Total: 80.672400 ms (FindLiveObjects: 0.528400 ms CreateObjectMapping: 75.994000 ms MarkObjects: 3.692800 ms  DeleteObjects: 0.454800 ms)

========================================================================
Received Prepare
Registering precompiled user dll's ...
Registered in 0.001333 seconds.
Begin MonoManager ReloadAssembly
Native extension for WindowsStandalone target not found
Refreshing native plugins compatible for Editor in 0.49 ms, found 0 plugins.
Preloading 0 native plugins for Editor in 0.00 ms.
Invoked RoslynAnalysisRunner static constructor.
RoslynAnalysisRunner will not be running.
RoslynAnalysisRunner has terminated.
Mono: successfully reloaded assembly
- Completed reload, in  0.894 seconds
Platform modules already initialized, skipping
Refreshing native plugins compatible for Editor in 0.38 ms, found 0 plugins.
Preloading 0 native plugins for Editor in 0.00 ms.
Unloading 1280 Unused Serialized files (Serialized files now loaded: 0)
System memory in use before: 71.2 MB.
System memory in use after: 71.2 MB.

Unloading 9 unused Assets to reduce memory usage. Loaded Objects now: 1851.
Total: 2.142300 ms (FindLiveObjects: 0.166600 ms CreateObjectMapping: 0.050900 ms MarkObjects: 1.777300 ms  DeleteObjects: 0.146200 ms)

========================================================================
Received Import Request.
  Time since last request: 20.077890 seconds.
  path: Assets/Sounds/Totitle.cs
  artifactKey: Guid(32bfe567fd5f999489028379c38aca67) Importer(815301076,1909f56bfc062723c751e8b465ee728b)
Start importing Assets/Sounds/Totitle.cs using Guid(32bfe567fd5f999489028379c38aca67) Importer(815301076,1909f56bfc062723c751e8b465ee728b)  -> (artifact id: '13fed7d9631afc824981e3a9f813be97') in 0.006663 seconds
  Import took 0.009995 seconds .

========================================================================
Received Prepare
Registering precompiled user dll's ...
Registered in 0.001206 seconds.
Begin MonoManager ReloadAssembly
Native extension for WindowsStandalone target not found
Refreshing native plugins compatible for Editor in 0.38 ms, found 0 plugins.
Preloading 0 native plugins for Editor in 0.00 ms.
Invoked RoslynAnalysisRunner static constructor.
RoslynAnalysisRunner will not be running.
RoslynAnalysisRunner has terminated.
Mono: successfully reloaded assembly
- Completed reload, in  0.980 seconds
Platform modules already initialized, skipping
Refreshing native plugins compatible for Editor in 0.39 ms, found 0 plugins.
Preloading 0 native plugins for Editor in 0.00 ms.
Unloading 1281 Unused Serialized files (Serialized files now loaded: 0)
System memory in use before: 71.2 MB.
System memory in use after: 71.2 MB.

Unloading 8 unused Assets to reduce memory usage. Loaded Objects now: 1855.
Total: 1.980000 ms (FindLiveObjects: 0.185500 ms CreateObjectMapping: 0.057800 ms MarkObjects: 1.613100 ms  DeleteObjects: 0.122700 ms)

========================================================================
Received Prepare
Registering precompiled user dll's ...
Registered in 0.001464 seconds.
Begin MonoManager ReloadAssembly
Native extension for WindowsStandalone target not found
Refreshing native plugins compatible for Editor in 0.38 ms, found 0 plugins.
Preloading 0 native plugins for Editor in 0.00 ms.
Invoked RoslynAnalysisRunner static constructor.
RoslynAnalysisRunner will not be running.
RoslynAnalysisRunner has terminated.
Mono: successfully reloaded assembly
- Completed reload, in  1.051 seconds
Platform modules already initialized, skipping
Refreshing native plugins compatible for Editor in 0.41 ms, found 0 plugins.
Preloading 0 native plugins for Editor in 0.00 ms.
Unloading 1281 Unused Serialized files (Serialized files now loaded: 0)
System memory in use before: 71.3 MB.
System memory in use after: 71.2 MB.

Unloading 8 unused Assets to reduce memory usage. Loaded Objects now: 1858.
Total: 9.985900 ms (FindLiveObjects: 0.168200 ms CreateObjectMapping: 0.051700 ms MarkObjects: 9.613000 ms  DeleteObjects: 0.150600 ms)

========================================================================
Received Import Request.
  Time since last request: 50.647323 seconds.
  path: Assets/Sounds/Totitle.cs
  artifactKey: Guid(32bfe567fd5f999489028379c38aca67) Importer(815301076,1909f56bfc062723c751e8b465ee728b)
Start importing Assets/Sounds/Totitle.cs using Guid(32bfe567fd5f999489028379c38aca67) Importer(815301076,1909f56bfc062723c751e8b465ee728b)  -> (artifact id: '5ff35c33076b4da68e36d6e893069e59') in 0.018692 seconds
  Import took 0.021960 seconds .

========================================================================
Received Import Request.
  Time since last request: 30.658975 seconds.
  path: Assets/Title/Title(scene).unity
  artifactKey: Guid(771794f1506374649ad6085e4ef47edf) Importer(815301076,1909f56bfc062723c751e8b465ee728b)
Start importing Assets/Title/Title(scene).unity using Guid(771794f1506374649ad6085e4ef47edf) Importer(815301076,1909f56bfc062723c751e8b465ee728b)  -> (artifact id: '1e4c2628e7476b793d44b8488de989f3') in 0.017243 seconds
  Import took 0.020302 seconds .

========================================================================
Received Prepare
Registering precompiled user dll's ...
Registered in 0.001364 seconds.
Begin MonoManager ReloadAssembly
Native extension for WindowsStandalone target not found
Refreshing native plugins compatible for Editor in 0.44 ms, found 0 plugins.
Preloading 0 native plugins for Editor in 0.00 ms.
Invoked RoslynAnalysisRunner static constructor.
RoslynAnalysisRunner will not be running.
RoslynAnalysisRunner has terminated.
Mono: successfully reloaded assembly
- Completed reload, in  0.940 seconds
Platform modules already initialized, skipping
Refreshing native plugins compatible for Editor in 0.39 ms, found 0 plugins.
Preloading 0 native plugins for Editor in 0.00 ms.
Unloading 1281 Unused Serialized files (Serialized files now loaded: 0)
System memory in use before: 71.3 MB.
System memory in use after: 71.2 MB.

Unloading 8 unused Assets to reduce memory usage. Loaded Objects now: 1861.
Total: 1.877000 ms (FindLiveObjects: 0.168500 ms CreateObjectMapping: 0.048900 ms MarkObjects: 1.498000 ms  DeleteObjects: 0.160300 ms)

========================================================================
Received Import Request.
  Time since last request: 18.417923 seconds.
  path: Assets/Credit/Credit.unity
  artifactKey: Guid(5278c5e4f25f92149b834f1a1aea4c5a) Importer(815301076,1909f56bfc062723c751e8b465ee728b)
Start importing Assets/Credit/Credit.unity using Guid(5278c5e4f25f92149b834f1a1aea4c5a) Importer(815301076,1909f56bfc062723c751e8b465ee728b)  -> (artifact id: '3750a3783acb6d7af56716a8239364d4') in 0.016320 seconds
  Import took 0.019094 seconds .

========================================================================
Received Prepare
Registering precompiled user dll's ...
Registered in 0.001265 seconds.
Begin MonoManager ReloadAssembly
Native extension for WindowsStandalone target not found
Refreshing native plugins compatible for Editor in 0.42 ms, found 0 plugins.
Preloading 0 native plugins for Editor in 0.00 ms.
Invoked RoslynAnalysisRunner static constructor.
RoslynAnalysisRunner will not be running.
RoslynAnalysisRunner has terminated.
Mono: successfully reloaded assembly
- Completed reload, in  1.189 seconds
Platform modules already initialized, skipping
Refreshing native plugins compatible for Editor in 0.55 ms, found 0 plugins.
Preloading 0 native plugins for Editor in 0.00 ms.
Unloading 1281 Unused Serialized files (Serialized files now loaded: 0)
System memory in use before: 71.3 MB.
System memory in use after: 71.2 MB.

Unloading 8 unused Assets to reduce memory usage. Loaded Objects now: 1864.
Total: 2.725000 ms (FindLiveObjects: 0.539400 ms CreateObjectMapping: 0.260000 ms MarkObjects: 1.744200 ms  DeleteObjects: 0.179800 ms)

========================================================================
Received Prepare
Registering precompiled user dll's ...
Registered in 0.002498 seconds.
Begin MonoManager ReloadAssembly
Native extension for WindowsStandalone target not found
Refreshing native plugins compatible for Editor in 0.38 ms, found 0 plugins.
Preloading 0 native plugins for Editor in 0.00 ms.
Invoked RoslynAnalysisRunner static constructor.
RoslynAnalysisRunner will not be running.
RoslynAnalysisRunner has terminated.
Mono: successfully reloaded assembly
- Completed reload, in  0.908 seconds
Platform modules already initialized, skipping
Refreshing native plugins compatible for Editor in 0.39 ms, found 0 plugins.
Preloading 0 native plugins for Editor in 0.00 ms.
Unloading 1281 Unused Serialized files (Serialized files now loaded: 0)
System memory in use before: 71.3 MB.
System memory in use after: 71.2 MB.

Unloading 8 unused Assets to reduce memory usage. Loaded Objects now: 1867.
Total: 3.196500 ms (FindLiveObjects: 0.187900 ms CreateObjectMapping: 0.058700 ms MarkObjects: 2.816100 ms  DeleteObjects: 0.132000 ms)

========================================================================
Received Prepare
Registering precompiled user dll's ...
Registered in 0.001288 seconds.
Begin MonoManager ReloadAssembly
Native extension for WindowsStandalone target not found
Refreshing native plugins compatible for Editor in 0.37 ms, found 0 plugins.
Preloading 0 native plugins for Editor in 0.00 ms.
Invoked RoslynAnalysisRunner static constructor.
RoslynAnalysisRunner will not be running.
RoslynAnalysisRunner has terminated.
Mono: successfully reloaded assembly
- Completed reload, in  0.934 seconds
Platform modules already initialized, skipping
Refreshing native plugins compatible for Editor in 0.39 ms, found 0 plugins.
Preloading 0 native plugins for Editor in 0.00 ms.
Unloading 1281 Unused Serialized files (Serialized files now loaded: 0)
System memory in use before: 71.3 MB.
System memory in use after: 71.2 MB.

Unloading 8 unused Assets to reduce memory usage. Loaded Objects now: 1870.
Total: 1.798500 ms (FindLiveObjects: 0.159400 ms CreateObjectMapping: 0.048200 ms MarkObjects: 1.471200 ms  DeleteObjects: 0.118500 ms)

AssetImportWorkerClient::OnTransportError - code=2 error=End of file
